<?xml version="1.0" encoding="UTF-8"?>
<!-- Generated by org.testng.reporters.JUnitReportReporter -->
<testsuite hostname="MWDH-Work2" failures="0" tests="1" name="ChromeTesting.ChromeWebDriver" time="4.936" errors="0" timestamp="2022-07-23T21:37:47 AST" skipped="0">
  <testcase classname="ChromeTesting.ChromeWebDriver" name="chrom" time="4.936"/>
  <system-out/>
</testsuite> <!-- ChromeTesting.ChromeWebDriver -->
